<?xml version="1.0" encoding="UTF-8"?>
<coverage generated="1675638968017" clover="3.2.0">
  <project timestamp="1675638968018" name="All files">
    <metrics statements="38" coveredstatements="36" conditionals="14" coveredconditionals="13" methods="7" coveredmethods="7" elements="59" coveredelements="56" complexity="0" loc="38" ncloc="38" packages="1" files="1" classes="1"/>
    <file name="LogicAhorcado.js" path="C:\Users\User\Proyectos-Utn-2022\juego-ahorcado\src\controllers\LogicAhorcado.js">
      <metrics statements="38" coveredstatements="36" conditionals="14" coveredconditionals="13" methods="7" coveredmethods="7"/>
      <line num="5" count="11" type="stmt"/>
      <line num="6" count="11" type="stmt"/>
      <line num="7" count="11" type="stmt"/>
      <line num="8" count="11" type="stmt"/>
      <line num="9" count="11" type="stmt"/>
      <line num="10" count="11" type="stmt"/>
      <line num="16" count="12" type="cond" truecount="2" falsecount="0"/>
      <line num="18" count="4" type="stmt"/>
      <line num="19" count="4" type="cond" truecount="1" falsecount="1"/>
      <line num="20" count="0" type="stmt"/>
      <line num="21" count="0" type="stmt"/>
      <line num="23" count="4" type="stmt"/>
      <line num="25" count="8" type="stmt"/>
      <line num="26" count="8" type="stmt"/>
      <line num="27" count="8" type="cond" truecount="2" falsecount="0"/>
      <line num="28" count="1" type="stmt"/>
      <line num="30" count="8" type="stmt"/>
      <line num="37" count="6" type="stmt"/>
      <line num="38" count="6" type="cond" truecount="2" falsecount="0"/>
      <line num="39" count="5" type="stmt"/>
      <line num="40" count="35" type="stmt"/>
      <line num="42" count="35" type="cond" truecount="2" falsecount="0"/>
      <line num="43" count="6" type="stmt"/>
      <line num="45" count="29" type="stmt"/>
      <line num="50" count="1" type="stmt"/>
      <line num="52" count="6" type="stmt"/>
      <line num="56" count="2" type="cond" truecount="2" falsecount="0"/>
      <line num="57" count="1" type="stmt"/>
      <line num="59" count="1" type="stmt"/>
      <line num="64" count="2" type="cond" truecount="2" falsecount="0"/>
      <line num="65" count="1" type="stmt"/>
      <line num="67" count="1" type="stmt"/>
      <line num="72" count="2" type="stmt"/>
      <line num="75" count="1" type="stmt"/>
      <line num="76" count="1" type="stmt"/>
      <line num="77" count="1" type="stmt"/>
      <line num="78" count="1" type="stmt"/>
      <line num="79" count="1" type="stmt"/>
    </file>
  </project>
</coverage>
