{"C:\\Users\\User\\Proyectos-Utn-2022\\juego-ahorcado\\src\\controllers\\LogicAhorcado.js": {"path":"C:\\Users\\User\\Proyectos-Utn-2022\\juego-ahorcado\\src\\controllers\\LogicAhorcado.js","statementMap":{"0":{"start":{"line":5,"column":8},"end":{"line":5,"column":19}},"1":{"start":{"line":6,"column":8},"end":{"line":6,"column":40}},"2":{"start":{"line":7,"column":8},"end":{"line":7,"column":23}},"3":{"start":{"line":8,"column":8},"end":{"line":8,"column":32}},"4":{"start":{"line":9,"column":8},"end":{"line":9,"column":34}},"5":{"start":{"line":10,"column":8},"end":{"line":12,"column":24}},"6":{"start":{"line":16,"column":8},"end":{"line":31,"column":9}},"7":{"start":{"line":18,"column":12},"end":{"line":18,"column":40}},"8":{"start":{"line":19,"column":12},"end":{"line":22,"column":13}},"9":{"start":{"line":20,"column":16},"end":{"line":20,"column":39}},"10":{"start":{"line":21,"column":16},"end":{"line":21,"column":34}},"11":{"start":{"line":23,"column":12},"end":{"line":23,"column":24}},"12":{"start":{"line":25,"column":12},"end":{"line":25,"column":42}},"13":{"start":{"line":26,"column":12},"end":{"line":26,"column":39}},"14":{"start":{"line":27,"column":12},"end":{"line":29,"column":13}},"15":{"start":{"line":28,"column":16},"end":{"line":28,"column":39}},"16":{"start":{"line":30,"column":12},"end":{"line":30,"column":25}},"17":{"start":{"line":37,"column":32},"end":{"line":37,"column":34}},"18":{"start":{"line":38,"column":8},"end":{"line":51,"column":9}},"19":{"start":{"line":39,"column":8},"end":{"line":48,"column":13}},"20":{"start":{"line":39,"column":21},"end":{"line":39,"column":22}},"21":{"start":{"line":40,"column":30},"end":{"line":40,"column":52}},"22":{"start":{"line":42,"column":16},"end":{"line":46,"column":17}},"23":{"start":{"line":43,"column":20},"end":{"line":43,"column":53}},"24":{"start":{"line":45,"column":20},"end":{"line":45,"column":47}},"25":{"start":{"line":50,"column":12},"end":{"line":50,"column":73}},"26":{"start":{"line":52,"column":8},"end":{"line":52,"column":33}},"27":{"start":{"line":56,"column":8},"end":{"line":60,"column":9}},"28":{"start":{"line":57,"column":12},"end":{"line":57,"column":24}},"29":{"start":{"line":59,"column":12},"end":{"line":59,"column":25}},"30":{"start":{"line":64,"column":8},"end":{"line":68,"column":9}},"31":{"start":{"line":65,"column":12},"end":{"line":65,"column":23}},"32":{"start":{"line":67,"column":12},"end":{"line":67,"column":24}},"33":{"start":{"line":72,"column":8},"end":{"line":72,"column":57}},"34":{"start":{"line":75,"column":8},"end":{"line":75,"column":34}},"35":{"start":{"line":76,"column":8},"end":{"line":76,"column":36}},"36":{"start":{"line":77,"column":8},"end":{"line":77,"column":21}},"37":{"start":{"line":78,"column":8},"end":{"line":78,"column":32}},"38":{"start":{"line":79,"column":8},"end":{"line":79,"column":25}}},"fnMap":{"0":{"name":"(anonymous_0)","decl":{"start":{"line":4,"column":4},"end":{"line":4,"column":5}},"loc":{"start":{"line":4,"column":20},"end":{"line":13,"column":5}},"line":4},"1":{"name":"(anonymous_1)","decl":{"start":{"line":15,"column":4},"end":{"line":15,"column":5}},"loc":{"start":{"line":15,"column":26},"end":{"line":33,"column":5}},"line":15},"2":{"name":"(anonymous_2)","decl":{"start":{"line":36,"column":4},"end":{"line":36,"column":5}},"loc":{"start":{"line":36,"column":21},"end":{"line":53,"column":5}},"line":36},"3":{"name":"(anonymous_3)","decl":{"start":{"line":55,"column":4},"end":{"line":55,"column":5}},"loc":{"start":{"line":55,"column":37},"end":{"line":61,"column":5}},"line":55},"4":{"name":"(anonymous_4)","decl":{"start":{"line":63,"column":4},"end":{"line":63,"column":5}},"loc":{"start":{"line":63,"column":18},"end":{"line":69,"column":5}},"line":63},"5":{"name":"(anonymous_5)","decl":{"start":{"line":71,"column":4},"end":{"line":71,"column":5}},"loc":{"start":{"line":71,"column":21},"end":{"line":73,"column":5}},"line":71},"6":{"name":"(anonymous_6)","decl":{"start":{"line":74,"column":4},"end":{"line":74,"column":5}},"loc":{"start":{"line":74,"column":12},"end":{"line":80,"column":5}},"line":74}},"branchMap":{"0":{"loc":{"start":{"line":16,"column":8},"end":{"line":31,"column":9}},"type":"if","locations":[{"start":{"line":16,"column":8},"end":{"line":31,"column":9}},{"start":{"line":24,"column":15},"end":{"line":31,"column":9}}],"line":16},"1":{"loc":{"start":{"line":19,"column":12},"end":{"line":22,"column":13}},"type":"if","locations":[{"start":{"line":19,"column":12},"end":{"line":22,"column":13}},{"start":{},"end":{}}],"line":19},"2":{"loc":{"start":{"line":27,"column":12},"end":{"line":29,"column":13}},"type":"if","locations":[{"start":{"line":27,"column":12},"end":{"line":29,"column":13}},{"start":{},"end":{}}],"line":27},"3":{"loc":{"start":{"line":38,"column":8},"end":{"line":51,"column":9}},"type":"if","locations":[{"start":{"line":38,"column":8},"end":{"line":51,"column":9}},{"start":{"line":49,"column":13},"end":{"line":51,"column":9}}],"line":38},"4":{"loc":{"start":{"line":42,"column":16},"end":{"line":46,"column":17}},"type":"if","locations":[{"start":{"line":42,"column":16},"end":{"line":46,"column":17}},{"start":{"line":44,"column":23},"end":{"line":46,"column":17}}],"line":42},"5":{"loc":{"start":{"line":56,"column":8},"end":{"line":60,"column":9}},"type":"if","locations":[{"start":{"line":56,"column":8},"end":{"line":60,"column":9}},{"start":{"line":58,"column":13},"end":{"line":60,"column":9}}],"line":56},"6":{"loc":{"start":{"line":64,"column":8},"end":{"line":68,"column":9}},"type":"if","locations":[{"start":{"line":64,"column":8},"end":{"line":68,"column":9}},{"start":{"line":66,"column":13},"end":{"line":68,"column":9}}],"line":64}},"s":{"0":11,"1":11,"2":11,"3":11,"4":11,"5":11,"6":12,"7":4,"8":4,"9":0,"10":0,"11":4,"12":8,"13":8,"14":8,"15":1,"16":8,"17":6,"18":6,"19":5,"20":5,"21":35,"22":35,"23":6,"24":29,"25":1,"26":6,"27":2,"28":1,"29":1,"30":2,"31":1,"32":1,"33":2,"34":1,"35":1,"36":1,"37":1,"38":1},"f":{"0":11,"1":12,"2":6,"3":2,"4":2,"5":2,"6":1},"b":{"0":[4,8],"1":[0,4],"2":[1,7],"3":[5,1],"4":[6,29],"5":[1,1],"6":[1,1]},"_coverageSchema":"1a1c01bbd47fc00a2c39e90264f33305004495a9","hash":"7f478f445ebc2fc6a7c984043f30582dbd2a4a71"}
}
