TN:
SF:src\controllers\LogicAhorcado.js
FN:4,(anonymous_0)
FN:15,(anonymous_1)
FN:36,(anonymous_2)
FN:55,(anonymous_3)
FN:63,(anonymous_4)
FN:71,(anonymous_5)
FN:74,(anonymous_6)
FNF:7
FNH:7
FNDA:11,(anonymous_0)
FNDA:12,(anonymous_1)
FNDA:6,(anonymous_2)
FNDA:2,(anonymous_3)
FNDA:2,(anonymous_4)
FNDA:2,(anonymous_5)
FNDA:1,(anonymous_6)
DA:5,11
DA:6,11
DA:7,11
DA:8,11
DA:9,11
DA:10,11
DA:16,12
DA:18,4
DA:19,4
DA:20,0
DA:21,0
DA:23,4
DA:25,8
DA:26,8
DA:27,8
DA:28,1
DA:30,8
DA:37,6
DA:38,6
DA:39,5
DA:40,35
DA:42,35
DA:43,6
DA:45,29
DA:50,1
DA:52,6
DA:56,2
DA:57,1
DA:59,1
DA:64,2
DA:65,1
DA:67,1
DA:72,2
DA:75,1
DA:76,1
DA:77,1
DA:78,1
DA:79,1
LF:38
LH:36
BRDA:16,0,0,4
BRDA:16,0,1,8
BRDA:19,1,0,0
BRDA:19,1,1,4
BRDA:27,2,0,1
BRDA:27,2,1,7
BRDA:38,3,0,5
BRDA:38,3,1,1
BRDA:42,4,0,6
BRDA:42,4,1,29
BRDA:56,5,0,1
BRDA:56,5,1,1
BRDA:64,6,0,1
BRDA:64,6,1,1
BRF:14
BRH:13
end_of_record
